<?xml version="1.0" encoding="UTF-8"?>
<testng-results skipped="0" failed="0" ignored="0" total="1" passed="1">
  <reporter-output>
  </reporter-output>
  <suite name="Suite" duration-ms="35" started-at="2021-08-04T18:33:13Z" finished-at="2021-08-04T18:33:13Z">
    <groups>
    </groups>
    <test name="Test" duration-ms="35" started-at="2021-08-04T18:33:13Z" finished-at="2021-08-04T18:33:13Z">
      <class name="scripts.Tests">
        <test-method status="PASS" signature="Prueba()[pri:0, instance:scripts.Tests@68be2bc2]" name="Prueba" duration-ms="13" started-at="2021-08-04T14:33:13Z" finished-at="2021-08-04T14:33:13Z">
          <reporter-output>
          </reporter-output>
        </test-method> <!-- Prueba -->
      </class> <!-- scripts.Tests -->
    </test> <!-- Test -->
  </suite> <!-- Suite -->
</testng-results>
